<?xml version="1.0" encoding="UTF-8"?>
<coverage generated="1774905135698" clover="3.2.0">
  <project timestamp="1774905135698" name="All files">
    <metrics statements="211" coveredstatements="180" conditionals="110" coveredconditionals="87" methods="57" coveredmethods="43" elements="378" coveredelements="310" complexity="0" loc="211" ncloc="211" packages="1" files="11" classes="11"/>
    <file name="ArticleCard.tsx" path="C:\Users\Yar\Desktop\site\Habr\frontend\src\components\ArticleCard.tsx">
      <metrics statements="4" coveredstatements="4" conditionals="1" coveredconditionals="1" methods="2" coveredmethods="2"/>
      <line num="1" count="2" type="stmt"/>
      <line num="8" count="6" type="stmt"/>
      <line num="9" count="6" type="stmt"/>
      <line num="32" count="1" type="stmt"/>
    </file>
    <file name="ArticleForm.tsx" path="C:\Users\Yar\Desktop\site\Habr\frontend\src\components\ArticleForm.tsx">
      <metrics statements="42" coveredstatements="32" conditionals="38" coveredconditionals="30" methods="10" coveredmethods="7"/>
      <line num="3" count="1" type="stmt"/>
      <line num="4" count="1" type="stmt"/>
      <line num="6" count="1" type="stmt"/>
      <line num="21" count="5" type="stmt"/>
      <line num="22" count="114" type="stmt"/>
      <line num="23" count="114" type="cond" truecount="2" falsecount="0"/>
      <line num="24" count="114" type="cond" truecount="2" falsecount="0"/>
      <line num="25" count="114" type="stmt"/>
      <line num="26" count="0" type="cond" truecount="2" falsecount="0"/>
      <line num="28" count="114" type="stmt"/>
      <line num="31" count="114" type="stmt"/>
      <line num="32" count="114" type="stmt"/>
      <line num="33" count="114" type="stmt"/>
      <line num="36" count="5" type="stmt"/>
      <line num="38" count="6" type="stmt"/>
      <line num="43" count="5" type="stmt"/>
      <line num="44" count="5" type="stmt"/>
      <line num="45" count="5" type="stmt"/>
      <line num="47" count="5" type="stmt"/>
      <line num="54" count="5" type="stmt"/>
      <line num="55" count="5" type="cond" truecount="2" falsecount="0"/>
      <line num="56" count="1" type="stmt"/>
      <line num="57" count="1" type="stmt"/>
      <line num="59" count="4" type="stmt"/>
      <line num="60" count="1" type="stmt"/>
      <line num="63" count="3" type="cond" truecount="3" falsecount="1"/>
      <line num="64" count="3" type="stmt"/>
      <line num="65" count="3" type="stmt"/>
      <line num="66" count="3" type="stmt"/>
      <line num="68" count="0" type="stmt"/>
      <line num="72" count="5" type="stmt"/>
      <line num="77" count="0" type="cond" truecount="0" falsecount="2"/>
      <line num="78" count="0" type="cond" truecount="0" falsecount="2"/>
      <line num="79" count="0" type="stmt"/>
      <line num="80" count="0" type="stmt"/>
      <line num="81" count="0" type="stmt"/>
      <line num="82" count="0" type="stmt"/>
      <line num="84" count="0" type="stmt"/>
      <line num="105" count="52" type="stmt"/>
      <line num="123" count="33" type="stmt"/>
      <line num="141" count="14" type="stmt"/>
      <line num="158" count="0" type="stmt"/>
    </file>
    <file name="ArticleList.tsx" path="C:\Users\Yar\Desktop\site\Habr\frontend\src\components\ArticleList.tsx">
      <metrics statements="4" coveredstatements="4" conditionals="2" coveredconditionals="2" methods="2" coveredmethods="2"/>
      <line num="2" count="1" type="stmt"/>
      <line num="8" count="2" type="stmt"/>
      <line num="9" count="2" type="cond" truecount="2" falsecount="0"/>
      <line num="16" count="3" type="stmt"/>
    </file>
    <file name="CommentSection.tsx" path="C:\Users\Yar\Desktop\site\Habr\frontend\src\components\CommentSection.tsx">
      <metrics statements="33" coveredstatements="26" conditionals="14" coveredconditionals="11" methods="13" coveredmethods="7"/>
      <line num="3" count="1" type="stmt"/>
      <line num="5" count="1" type="stmt"/>
      <line num="6" count="1" type="stmt"/>
      <line num="13" count="8" type="stmt"/>
      <line num="14" count="25" type="stmt"/>
      <line num="15" count="25" type="stmt"/>
      <line num="16" count="25" type="stmt"/>
      <line num="17" count="25" type="stmt"/>
      <line num="19" count="25" type="stmt"/>
      <line num="20" count="25" type="stmt"/>
      <line num="23" count="1" type="stmt"/>
      <line num="24" count="1" type="cond" truecount="1" falsecount="1"/>
      <line num="27" count="1" type="stmt"/>
      <line num="33" count="1" type="stmt"/>
      <line num="34" count="1" type="stmt"/>
      <line num="35" count="1" type="stmt"/>
      <line num="36" count="1" type="stmt"/>
      <line num="37" count="1" type="stmt"/>
      <line num="39" count="1" type="stmt"/>
      <line num="40" count="1" type="stmt"/>
      <line num="41" count="1" type="cond" truecount="1" falsecount="1"/>
      <line num="44" count="0" type="stmt"/>
      <line num="45" count="0" type="stmt"/>
      <line num="46" count="0" type="stmt"/>
      <line num="48" count="1" type="stmt"/>
      <line num="53" count="0" type="stmt"/>
      <line num="54" count="0" type="stmt"/>
      <line num="55" count="0" type="stmt"/>
      <line num="71" count="7" type="stmt"/>
      <line num="72" count="7" type="stmt"/>
      <line num="77" count="7" type="stmt"/>
      <line num="88" count="0" type="stmt"/>
      <line num="111" count="15" type="stmt"/>
    </file>
    <file name="DeleteArticleButton.tsx" path="C:\Users\Yar\Desktop\site\Habr\frontend\src\components\DeleteArticleButton.tsx">
      <metrics statements="9" coveredstatements="8" conditionals="2" coveredconditionals="2" methods="2" coveredmethods="2"/>
      <line num="3" count="1" type="stmt"/>
      <line num="4" count="1" type="stmt"/>
      <line num="10" count="2" type="stmt"/>
      <line num="11" count="2" type="stmt"/>
      <line num="14" count="2" type="cond" truecount="2" falsecount="0"/>
      <line num="15" count="1" type="stmt"/>
      <line num="16" count="1" type="stmt"/>
      <line num="17" count="1" type="stmt"/>
      <line num="19" count="0" type="stmt"/>
    </file>
    <file name="FollowButton.tsx" path="C:\Users\Yar\Desktop\site\Habr\frontend\src\components\FollowButton.tsx">
      <metrics statements="13" coveredstatements="13" conditionals="14" coveredconditionals="13" methods="2" coveredmethods="2"/>
      <line num="3" count="1" type="stmt"/>
      <line num="4" count="1" type="stmt"/>
      <line num="5" count="1" type="stmt"/>
      <line num="12" count="2" type="stmt"/>
      <line num="13" count="4" type="stmt"/>
      <line num="14" count="4" type="stmt"/>
      <line num="16" count="4" type="stmt"/>
      <line num="19" count="1" type="cond" truecount="3" falsecount="1"/>
      <line num="20" count="1" type="stmt"/>
      <line num="21" count="1" type="stmt"/>
      <line num="22" count="1" type="stmt"/>
      <line num="23" count="1" type="stmt"/>
      <line num="27" count="1" type="stmt"/>
    </file>
    <file name="Navbar.tsx" path="C:\Users\Yar\Desktop\site\Habr\frontend\src\components\Navbar.tsx">
      <metrics statements="27" coveredstatements="21" conditionals="6" coveredconditionals="4" methods="8" coveredmethods="5"/>
      <line num="3" count="1" type="stmt"/>
      <line num="4" count="1" type="stmt"/>
      <line num="5" count="1" type="stmt"/>
      <line num="6" count="1" type="stmt"/>
      <line num="7" count="1" type="stmt"/>
      <line num="8" count="1" type="stmt"/>
      <line num="11" count="4" type="stmt"/>
      <line num="12" count="8" type="stmt"/>
      <line num="13" count="8" type="stmt"/>
      <line num="14" count="8" type="stmt"/>
      <line num="15" count="8" type="stmt"/>
      <line num="17" count="8" type="stmt"/>
      <line num="18" count="4" type="stmt"/>
      <line num="19" count="4" type="stmt"/>
      <line num="21" count="4" type="cond" truecount="2" falsecount="0"/>
      <line num="22" count="2" type="stmt"/>
      <line num="23" count="2" type="stmt"/>
      <line num="25" count="2" type="stmt"/>
      <line num="26" count="2" type="stmt"/>
      <line num="31" count="2" type="stmt"/>
      <line num="35" count="8" type="stmt"/>
      <line num="36" count="0" type="stmt"/>
      <line num="37" count="0" type="stmt"/>
      <line num="41" count="0" type="stmt"/>
      <line num="42" count="0" type="stmt"/>
      <line num="43" count="0" type="stmt"/>
      <line num="44" count="0" type="stmt"/>
    </file>
    <file name="Pagination.tsx" path="C:\Users\Yar\Desktop\site\Habr\frontend\src\components\Pagination.tsx">
      <metrics statements="8" coveredstatements="8" conditionals="9" coveredconditionals="8" methods="4" coveredmethods="4"/>
      <line num="10" count="30" type="stmt"/>
      <line num="11" count="30" type="stmt"/>
      <line num="12" count="30" type="stmt"/>
      <line num="15" count="8" type="cond" truecount="0" falsecount="1"/>
      <line num="16" count="8" type="stmt"/>
      <line num="18" count="8" type="cond" truecount="2" falsecount="0"/>
      <line num="33" count="18" type="stmt"/>
      <line num="34" count="18" type="cond" truecount="2" falsecount="0"/>
    </file>
    <file name="ProfileEditForm.tsx" path="C:\Users\Yar\Desktop\site\Habr\frontend\src\components\ProfileEditForm.tsx">
      <metrics statements="27" coveredstatements="21" conditionals="11" coveredconditionals="5" methods="5" coveredmethods="3"/>
      <line num="3" count="1" type="stmt"/>
      <line num="4" count="1" type="stmt"/>
      <line num="6" count="1" type="stmt"/>
      <line num="12" count="1" type="stmt"/>
      <line num="13" count="13" type="cond" truecount="1" falsecount="1"/>
      <line num="14" count="13" type="stmt"/>
      <line num="15" count="13" type="stmt"/>
      <line num="16" count="13" type="stmt"/>
      <line num="17" count="13" type="stmt"/>
      <line num="18" count="13" type="stmt"/>
      <line num="19" count="13" type="stmt"/>
      <line num="22" count="0" type="cond" truecount="0" falsecount="2"/>
      <line num="23" count="0" type="stmt"/>
      <line num="24" count="0" type="cond" truecount="0" falsecount="2"/>
      <line num="25" count="0" type="stmt"/>
      <line num="30" count="1" type="stmt"/>
      <line num="31" count="1" type="stmt"/>
      <line num="32" count="1" type="stmt"/>
      <line num="33" count="1" type="stmt"/>
      <line num="34" count="1" type="stmt"/>
      <line num="35" count="1" type="stmt"/>
      <line num="36" count="1" type="stmt"/>
      <line num="37" count="1" type="stmt"/>
      <line num="39" count="0" type="stmt"/>
      <line num="41" count="1" type="stmt"/>
      <line num="71" count="0" type="stmt"/>
      <line num="95" count="10" type="stmt"/>
    </file>
    <file name="SearchBar.tsx" path="C:\Users\Yar\Desktop\site\Habr\frontend\src\components\SearchBar.tsx">
      <metrics statements="21" coveredstatements="21" conditionals="7" coveredconditionals="7" methods="4" coveredmethods="4"/>
      <line num="2" count="1" type="stmt"/>
      <line num="3" count="1" type="stmt"/>
      <line num="9" count="2" type="cond" truecount="1" falsecount="0"/>
      <line num="10" count="10" type="stmt"/>
      <line num="11" count="10" type="stmt"/>
      <line num="12" count="10" type="stmt"/>
      <line num="13" count="10" type="stmt"/>
      <line num="14" count="10" type="stmt"/>
      <line num="16" count="10" type="stmt"/>
      <line num="17" count="2" type="cond" truecount="2" falsecount="0"/>
      <line num="20" count="10" type="stmt"/>
      <line num="22" count="6" type="stmt"/>
      <line num="23" count="6" type="stmt"/>
      <line num="25" count="6" type="cond" truecount="2" falsecount="0"/>
      <line num="27" count="6" type="stmt"/>
      <line num="28" count="2" type="stmt"/>
      <line num="29" count="2" type="cond" truecount="2" falsecount="0"/>
      <line num="30" count="1" type="stmt"/>
      <line num="32" count="1" type="stmt"/>
      <line num="34" count="2" type="stmt"/>
      <line num="35" count="2" type="stmt"/>
    </file>
    <file name="VoteButtons.tsx" path="C:\Users\Yar\Desktop\site\Habr\frontend\src\components\VoteButtons.tsx">
      <metrics statements="23" coveredstatements="22" conditionals="6" coveredconditionals="4" methods="5" coveredmethods="5"/>
      <line num="3" count="1" type="stmt"/>
      <line num="4" count="1" type="stmt"/>
      <line num="5" count="1" type="stmt"/>
      <line num="6" count="1" type="stmt"/>
      <line num="13" count="5" type="stmt"/>
      <line num="14" count="13" type="stmt"/>
      <line num="15" count="13" type="stmt"/>
      <line num="16" count="13" type="stmt"/>
      <line num="19" count="5" type="cond" truecount="2" falsecount="0"/>
      <line num="20" count="1" type="stmt"/>
      <line num="21" count="1" type="stmt"/>
      <line num="24" count="4" type="stmt"/>
      <line num="25" count="4" type="stmt"/>
      <line num="26" count="4" type="stmt"/>
      <line num="28" count="4" type="stmt"/>
      <line num="29" count="4" type="stmt"/>
      <line num="30" count="3" type="stmt"/>
      <line num="32" count="1" type="cond" truecount="2" falsecount="2"/>
      <line num="33" count="0" type="stmt"/>
      <line num="35" count="1" type="stmt"/>
      <line num="37" count="4" type="stmt"/>
      <line num="45" count="4" type="stmt"/>
      <line num="54" count="1" type="stmt"/>
    </file>
  </project>
</coverage>
