{"C:\\Users\\Yar\\Desktop\\site\\Habr\\frontend\\src\\components\\ArticleCard.tsx": {"path":"C:\\Users\\Yar\\Desktop\\site\\Habr\\frontend\\src\\components\\ArticleCard.tsx","statementMap":{"0":{"start":{"line":8,"column":24},"end":{"line":8,"column":36}},"1":{"start":{"line":1,"column":17},"end":{"line":1,"column":null}},"2":{"start":{"line":9,"column":15},"end":{"line":13,"column":null}},"3":{"start":{"line":32,"column":14},"end":{"line":33,"column":null}}},"fnMap":{"0":{"name":"ArticleCard","decl":{"start":{"line":8,"column":24},"end":{"line":8,"column":36}},"loc":{"start":{"line":8,"column":65},"end":{"line":49,"column":null}}},"1":{"name":"(anonymous_3)","decl":{"start":{"line":31,"column":30},"end":{"line":31,"column":31}},"loc":{"start":{"line":32,"column":14},"end":{"line":33,"column":null}}}},"branchMap":{"0":{"loc":{"start":{"line":29,"column":9},"end":{"line":29,"column":null}},"type":"binary-expr","locations":[{"start":{"line":29,"column":9},"end":{"line":29,"column":null}}]}},"s":{"0":6,"1":2,"2":6,"3":1},"f":{"0":6,"1":1},"b":{"0":[6]}}
,"C:\\Users\\Yar\\Desktop\\site\\Habr\\frontend\\src\\components\\ArticleForm.tsx": {"path":"C:\\Users\\Yar\\Desktop\\site\\Habr\\frontend\\src\\components\\ArticleForm.tsx","statementMap":{"0":{"start":{"line":21,"column":24},"end":{"line":21,"column":36}},"1":{"start":{"line":3,"column":25},"end":{"line":3,"column":null}},"2":{"start":{"line":4,"column":26},"end":{"line":4,"column":null}},"3":{"start":{"line":6,"column":70},"end":{"line":6,"column":null}},"4":{"start":{"line":22,"column":17},"end":{"line":22,"column":null}},"5":{"start":{"line":23,"column":28},"end":{"line":23,"column":null}},"6":{"start":{"line":24,"column":32},"end":{"line":24,"column":null}},"7":{"start":{"line":25,"column":26},"end":{"line":26,"column":null}},"8":{"start":{"line":26,"column":33},"end":{"line":26,"column":39}},"9":{"start":{"line":28,"column":30},"end":{"line":29,"column":null}},"10":{"start":{"line":31,"column":38},"end":{"line":31,"column":null}},"11":{"start":{"line":32,"column":34},"end":{"line":32,"column":null}},"12":{"start":{"line":33,"column":40},"end":{"line":33,"column":null}},"13":{"start":{"line":36,"column":4},"end":{"line":39,"column":null}},"14":{"start":{"line":38,"column":18},"end":{"line":38,"column":null}},"15":{"start":{"line":43,"column":4},"end":{"line":43,"column":null}},"16":{"start":{"line":44,"column":4},"end":{"line":44,"column":null}},"17":{"start":{"line":45,"column":4},"end":{"line":45,"column":null}},"18":{"start":{"line":47,"column":17},"end":{"line":52,"column":null}},"19":{"start":{"line":54,"column":4},"end":{"line":73,"column":null}},"20":{"start":{"line":55,"column":6},"end":{"line":61,"column":null}},"21":{"start":{"line":56,"column":24},"end":{"line":56,"column":null}},"22":{"start":{"line":57,"column":8},"end":{"line":57,"column":null}},"23":{"start":{"line":59,"column":24},"end":{"line":59,"column":null}},"24":{"start":{"line":60,"column":8},"end":{"line":60,"column":null}},"25":{"start":{"line":63,"column":6},"end":{"line":70,"column":null}},"26":{"start":{"line":64,"column":8},"end":{"line":69,"column":null}},"27":{"start":{"line":65,"column":25},"end":{"line":65,"column":null}},"28":{"start":{"line":66,"column":10},"end":{"line":66,"column":null}},"29":{"start":{"line":68,"column":10},"end":{"line":68,"column":null}},"30":{"start":{"line":72,"column":6},"end":{"line":72,"column":null}},"31":{"start":{"line":77,"column":4},"end":{"line":77,"column":null}},"32":{"start":{"line":77,"column":15},"end":{"line":77,"column":null}},"33":{"start":{"line":78,"column":4},"end":{"line":78,"column":null}},"34":{"start":{"line":78,"column":37},"end":{"line":78,"column":null}},"35":{"start":{"line":79,"column":4},"end":{"line":79,"column":null}},"36":{"start":{"line":80,"column":4},"end":{"line":85,"column":null}},"37":{"start":{"line":81,"column":6},"end":{"line":81,"column":null}},"38":{"start":{"line":82,"column":6},"end":{"line":82,"column":null}},"39":{"start":{"line":84,"column":6},"end":{"line":84,"column":null}},"40":{"start":{"line":105,"column":27},"end":{"line":105,"column":null}},"41":{"start":{"line":123,"column":27},"end":{"line":123,"column":null}},"42":{"start":{"line":141,"column":27},"end":{"line":141,"column":null}},"43":{"start":{"line":158,"column":27},"end":{"line":158,"column":null}}},"fnMap":{"0":{"name":"ArticleForm","decl":{"start":{"line":21,"column":24},"end":{"line":21,"column":36}},"loc":{"start":{"line":21,"column":75},"end":{"line":186,"column":null}}},"1":{"name":"(anonymous_2)","decl":{"start":{"line":26,"column":26},"end":{"line":26,"column":27}},"loc":{"start":{"line":26,"column":33},"end":{"line":26,"column":39}}},"2":{"name":"parseTags","decl":{"start":{"line":35,"column":11},"end":{"line":35,"column":21}},"loc":{"start":{"line":35,"column":32},"end":{"line":40,"column":null}}},"3":{"name":"(anonymous_4)","decl":{"start":{"line":38,"column":11},"end":{"line":38,"column":12}},"loc":{"start":{"line":38,"column":18},"end":{"line":38,"column":null}}},"4":{"name":"handleSubmit","decl":{"start":{"line":42,"column":17},"end":{"line":42,"column":30}},"loc":{"start":{"line":42,"column":48},"end":{"line":74,"column":null}}},"5":{"name":"handleDelete","decl":{"start":{"line":76,"column":17},"end":{"line":76,"column":null}},"loc":{"start":{"line":76,"column":17},"end":{"line":86,"column":null}}},"6":{"name":"(anonymous_7)","decl":{"start":{"line":105,"column":20},"end":{"line":105,"column":21}},"loc":{"start":{"line":105,"column":27},"end":{"line":105,"column":null}}},"7":{"name":"(anonymous_8)","decl":{"start":{"line":123,"column":20},"end":{"line":123,"column":21}},"loc":{"start":{"line":123,"column":27},"end":{"line":123,"column":null}}},"8":{"name":"(anonymous_9)","decl":{"start":{"line":141,"column":20},"end":{"line":141,"column":21}},"loc":{"start":{"line":141,"column":27},"end":{"line":141,"column":null}}},"9":{"name":"(anonymous_10)","decl":{"start":{"line":158,"column":20},"end":{"line":158,"column":21}},"loc":{"start":{"line":158,"column":27},"end":{"line":158,"column":null}}}},"branchMap":{"0":{"loc":{"start":{"line":23,"column":37},"end":{"line":23,"column":null}},"type":"binary-expr","locations":[{"start":{"line":23,"column":37},"end":{"line":23,"column":59}},{"start":{"line":23,"column":59},"end":{"line":23,"column":null}}]},"1":{"loc":{"start":{"line":24,"column":41},"end":{"line":24,"column":null}},"type":"binary-expr","locations":[{"start":{"line":24,"column":41},"end":{"line":24,"column":65}},{"start":{"line":24,"column":65},"end":{"line":24,"column":null}}]},"2":{"loc":{"start":{"line":26,"column":4},"end":{"line":26,"column":null}},"type":"binary-expr","locations":[{"start":{"line":26,"column":4},"end":{"line":26,"column":55}},{"start":{"line":26,"column":55},"end":{"line":26,"column":null}}]},"3":{"loc":{"start":{"line":29,"column":4},"end":{"line":29,"column":null}},"type":"binary-expr","locations":[{"start":{"line":29,"column":4},"end":{"line":29,"column":27}},{"start":{"line":29,"column":27},"end":{"line":29,"column":null}}]},"4":{"loc":{"start":{"line":55,"column":6},"end":{"line":61,"column":null}},"type":"if","locations":[{"start":{"line":55,"column":6},"end":{"line":61,"column":null}},{"start":{"line":58,"column":13},"end":{"line":61,"column":null}}]},"5":{"loc":{"start":{"line":63,"column":6},"end":{"line":70,"column":null}},"type":"if","locations":[{"start":{"line":63,"column":6},"end":{"line":70,"column":null}},{"start":{},"end":{}}]},"6":{"loc":{"start":{"line":63,"column":10},"end":{"line":63,"column":57}},"type":"binary-expr","locations":[{"start":{"line":63,"column":10},"end":{"line":63,"column":33}},{"start":{"line":63,"column":37},"end":{"line":63,"column":57}}]},"7":{"loc":{"start":{"line":77,"column":4},"end":{"line":77,"column":null}},"type":"if","locations":[{"start":{"line":77,"column":4},"end":{"line":77,"column":null}},{"start":{},"end":{}}]},"8":{"loc":{"start":{"line":78,"column":4},"end":{"line":78,"column":null}},"type":"if","locations":[{"start":{"line":78,"column":4},"end":{"line":78,"column":null}},{"start":{},"end":{}}]},"9":{"loc":{"start":{"line":90,"column":7},"end":{"line":90,"column":35}},"type":"binary-expr","locations":[{"start":{"line":90,"column":7},"end":{"line":90,"column":35}}]},"10":{"loc":{"start":{"line":103,"column":36},"end":{"line":103,"column":75}},"type":"cond-expr","locations":[{"start":{"line":103,"column":56},"end":{"line":103,"column":72}},{"start":{"line":103,"column":72},"end":{"line":103,"column":75}}]},"11":{"loc":{"start":{"line":109,"column":9},"end":{"line":109,"column":26}},"type":"binary-expr","locations":[{"start":{"line":109,"column":9},"end":{"line":109,"column":26}}]},"12":{"loc":{"start":{"line":120,"column":36},"end":{"line":120,"column":77}},"type":"cond-expr","locations":[{"start":{"line":120,"column":58},"end":{"line":120,"column":74}},{"start":{"line":120,"column":74},"end":{"line":120,"column":77}}]},"13":{"loc":{"start":{"line":127,"column":9},"end":{"line":127,"column":28}},"type":"binary-expr","locations":[{"start":{"line":127,"column":9},"end":{"line":127,"column":28}}]},"14":{"loc":{"start":{"line":139,"column":36},"end":{"line":139,"column":74}},"type":"cond-expr","locations":[{"start":{"line":139,"column":55},"end":{"line":139,"column":71}},{"start":{"line":139,"column":71},"end":{"line":139,"column":74}}]},"15":{"loc":{"start":{"line":145,"column":9},"end":{"line":145,"column":25}},"type":"binary-expr","locations":[{"start":{"line":145,"column":9},"end":{"line":145,"column":25}}]},"16":{"loc":{"start":{"line":156,"column":35},"end":{"line":156,"column":75}},"type":"cond-expr","locations":[{"start":{"line":156,"column":56},"end":{"line":156,"column":72}},{"start":{"line":156,"column":72},"end":{"line":156,"column":75}}]},"17":{"loc":{"start":{"line":164,"column":9},"end":{"line":164,"column":27}},"type":"binary-expr","locations":[{"start":{"line":164,"column":9},"end":{"line":164,"column":27}}]},"18":{"loc":{"start":{"line":171,"column":11},"end":{"line":171,"column":null}},"type":"cond-expr","locations":[{"start":{"line":171,"column":24},"end":{"line":171,"column":42}},{"start":{"line":171,"column":42},"end":{"line":171,"column":null}}]},"19":{"loc":{"start":{"line":171,"column":42},"end":{"line":171,"column":null}},"type":"cond-expr","locations":[{"start":{"line":171,"column":49},"end":{"line":171,"column":63}},{"start":{"line":171,"column":63},"end":{"line":171,"column":null}}]},"20":{"loc":{"start":{"line":173,"column":9},"end":{"line":173,"column":null}},"type":"binary-expr","locations":[{"start":{"line":173,"column":9},"end":{"line":173,"column":null}}]},"21":{"loc":{"start":{"line":180,"column":13},"end":{"line":180,"column":null}},"type":"cond-expr","locations":[{"start":{"line":180,"column":24},"end":{"line":180,"column":40}},{"start":{"line":180,"column":40},"end":{"line":180,"column":null}}]}},"s":{"0":5,"1":1,"2":1,"3":1,"4":114,"5":114,"6":114,"7":114,"8":0,"9":114,"10":114,"11":114,"12":114,"13":5,"14":6,"15":5,"16":5,"17":5,"18":5,"19":5,"20":5,"21":1,"22":1,"23":4,"24":1,"25":3,"26":3,"27":3,"28":3,"29":0,"30":5,"31":0,"32":0,"33":0,"34":0,"35":0,"36":0,"37":0,"38":0,"39":0,"40":52,"41":33,"42":14,"43":0},"f":{"0":114,"1":0,"2":5,"3":6,"4":5,"5":0,"6":52,"7":33,"8":14,"9":0},"b":{"0":[114,95],"1":[114,95],"2":[114,95],"3":[114,95],"4":[1,4],"5":[3,0],"6":[3,3],"7":[0,0],"8":[0,0],"9":[114],"10":[2,112],"11":[114],"12":[1,113],"13":[114],"14":[0,114],"15":[114],"16":[0,114],"17":[114],"18":[5,109],"19":[18,91],"20":[114],"21":[0,19]}}
,"C:\\Users\\Yar\\Desktop\\site\\Habr\\frontend\\src\\components\\ArticleList.tsx": {"path":"C:\\Users\\Yar\\Desktop\\site\\Habr\\frontend\\src\\components\\ArticleList.tsx","statementMap":{"0":{"start":{"line":8,"column":24},"end":{"line":8,"column":36}},"1":{"start":{"line":2,"column":24},"end":{"line":2,"column":null}},"2":{"start":{"line":9,"column":2},"end":{"line":11,"column":null}},"3":{"start":{"line":16,"column":8},"end":{"line":16,"column":38}}},"fnMap":{"0":{"name":"ArticleList","decl":{"start":{"line":8,"column":24},"end":{"line":8,"column":36}},"loc":{"start":{"line":8,"column":66},"end":{"line":20,"column":null}}},"1":{"name":"(anonymous_3)","decl":{"start":{"line":15,"column":20},"end":{"line":15,"column":21}},"loc":{"start":{"line":16,"column":8},"end":{"line":16,"column":38}}}},"branchMap":{"0":{"loc":{"start":{"line":9,"column":2},"end":{"line":11,"column":null}},"type":"if","locations":[{"start":{"line":9,"column":2},"end":{"line":11,"column":null}},{"start":{},"end":{}}]}},"s":{"0":2,"1":1,"2":2,"3":3},"f":{"0":2,"1":3},"b":{"0":[1,1]}}
,"C:\\Users\\Yar\\Desktop\\site\\Habr\\frontend\\src\\components\\CommentSection.tsx": {"path":"C:\\Users\\Yar\\Desktop\\site\\Habr\\frontend\\src\\components\\CommentSection.tsx","statementMap":{"0":{"start":{"line":13,"column":24},"end":{"line":13,"column":39}},"1":{"start":{"line":3,"column":25},"end":{"line":3,"column":null}},"2":{"start":{"line":5,"column":42},"end":{"line":5,"column":null}},"3":{"start":{"line":6,"column":40},"end":{"line":6,"column":null}},"4":{"start":{"line":14,"column":34},"end":{"line":14,"column":null}},"5":{"start":{"line":15,"column":26},"end":{"line":15,"column":null}},"6":{"start":{"line":16,"column":38},"end":{"line":16,"column":null}},"7":{"start":{"line":17,"column":28},"end":{"line":17,"column":null}},"8":{"start":{"line":19,"column":23},"end":{"line":19,"column":null}},"9":{"start":{"line":20,"column":22},"end":{"line":20,"column":null}},"10":{"start":{"line":23,"column":4},"end":{"line":23,"column":null}},"11":{"start":{"line":24,"column":4},"end":{"line":24,"column":null}},"12":{"start":{"line":24,"column":22},"end":{"line":24,"column":null}},"13":{"start":{"line":27,"column":32},"end":{"line":32,"column":null}},"14":{"start":{"line":33,"column":4},"end":{"line":33,"column":null}},"15":{"start":{"line":33,"column":26},"end":{"line":33,"column":null}},"16":{"start":{"line":34,"column":22},"end":{"line":34,"column":null}},"17":{"start":{"line":35,"column":4},"end":{"line":35,"column":null}},"18":{"start":{"line":36,"column":4},"end":{"line":36,"column":null}},"19":{"start":{"line":37,"column":4},"end":{"line":37,"column":null}},"20":{"start":{"line":39,"column":4},"end":{"line":49,"column":null}},"21":{"start":{"line":40,"column":22},"end":{"line":40,"column":null}},"22":{"start":{"line":41,"column":6},"end":{"line":41,"column":null}},"23":{"start":{"line":41,"column":28},"end":{"line":41,"column":null}},"24":{"start":{"line":41,"column":45},"end":{"line":41,"column":null}},"25":{"start":{"line":44,"column":6},"end":{"line":44,"column":null}},"26":{"start":{"line":44,"column":28},"end":{"line":44,"column":null}},"27":{"start":{"line":44,"column":47},"end":{"line":44,"column":69}},"28":{"start":{"line":45,"column":6},"end":{"line":45,"column":null}},"29":{"start":{"line":46,"column":6},"end":{"line":46,"column":null}},"30":{"start":{"line":48,"column":6},"end":{"line":48,"column":null}},"31":{"start":{"line":53,"column":4},"end":{"line":53,"column":null}},"32":{"start":{"line":53,"column":26},"end":{"line":53,"column":null}},"33":{"start":{"line":53,"column":45},"end":{"line":53,"column":null}},"34":{"start":{"line":54,"column":4},"end":{"line":58,"column":null}},"35":{"start":{"line":55,"column":6},"end":{"line":55,"column":null}},"36":{"start":{"line":71,"column":24},"end":{"line":71,"column":73}},"37":{"start":{"line":72,"column":23},"end":{"line":76,"column":null}},"38":{"start":{"line":77,"column":10},"end":{"line":78,"column":34}},"39":{"start":{"line":88,"column":37},"end":{"line":88,"column":null}},"40":{"start":{"line":111,"column":31},"end":{"line":111,"column":null}}},"fnMap":{"0":{"name":"CommentSection","decl":{"start":{"line":13,"column":24},"end":{"line":13,"column":39}},"loc":{"start":{"line":13,"column":85},"end":{"line":130,"column":null}}},"1":{"name":"handleSubmit","decl":{"start":{"line":22,"column":17},"end":{"line":22,"column":30}},"loc":{"start":{"line":22,"column":48},"end":{"line":50,"column":null}}},"2":{"name":"(anonymous_3)","decl":{"start":{"line":33,"column":16},"end":{"line":33,"column":17}},"loc":{"start":{"line":33,"column":26},"end":{"line":33,"column":null}}},"3":{"name":"(anonymous_4)","decl":{"start":{"line":41,"column":18},"end":{"line":41,"column":19}},"loc":{"start":{"line":41,"column":28},"end":{"line":41,"column":null}}},"4":{"name":"(anonymous_5)","decl":{"start":{"line":41,"column":37},"end":{"line":41,"column":38}},"loc":{"start":{"line":41,"column":45},"end":{"line":41,"column":null}}},"5":{"name":"(anonymous_6)","decl":{"start":{"line":44,"column":18},"end":{"line":44,"column":19}},"loc":{"start":{"line":44,"column":28},"end":{"line":44,"column":null}}},"6":{"name":"(anonymous_7)","decl":{"start":{"line":44,"column":40},"end":{"line":44,"column":41}},"loc":{"start":{"line":44,"column":47},"end":{"line":44,"column":69}}},"7":{"name":"handleDelete","decl":{"start":{"line":52,"column":17},"end":{"line":52,"column":30}},"loc":{"start":{"line":52,"column":47},"end":{"line":59,"column":null}}},"8":{"name":"(anonymous_9)","decl":{"start":{"line":53,"column":16},"end":{"line":53,"column":17}},"loc":{"start":{"line":53,"column":26},"end":{"line":53,"column":null}}},"9":{"name":"(anonymous_10)","decl":{"start":{"line":53,"column":38},"end":{"line":53,"column":39}},"loc":{"start":{"line":53,"column":45},"end":{"line":53,"column":null}}},"10":{"name":"(anonymous_11)","decl":{"start":{"line":70,"column":22},"end":{"line":70,"column":23}},"loc":{"start":{"line":70,"column":23},"end":{"line":99,"column":null}}},"11":{"name":"(anonymous_12)","decl":{"start":{"line":88,"column":31},"end":{"line":88,"column":37}},"loc":{"start":{"line":88,"column":37},"end":{"line":88,"column":null}}},"12":{"name":"(anonymous_13)","decl":{"start":{"line":111,"column":24},"end":{"line":111,"column":25}},"loc":{"start":{"line":111,"column":31},"end":{"line":111,"column":null}}}},"branchMap":{"0":{"loc":{"start":{"line":24,"column":4},"end":{"line":24,"column":null}},"type":"if","locations":[{"start":{"line":24,"column":4},"end":{"line":24,"column":null}},{"start":{},"end":{}}]},"1":{"loc":{"start":{"line":29,"column":14},"end":{"line":29,"column":null}},"type":"binary-expr","locations":[{"start":{"line":29,"column":14},"end":{"line":29,"column":29}},{"start":{"line":29,"column":29},"end":{"line":29,"column":null}}]},"2":{"loc":{"start":{"line":41,"column":45},"end":{"line":41,"column":null}},"type":"cond-expr","locations":[{"start":{"line":41,"column":70},"end":{"line":41,"column":80}},{"start":{"line":41,"column":80},"end":{"line":41,"column":null}}]},"3":{"loc":{"start":{"line":65,"column":7},"end":{"line":65,"column":null}},"type":"binary-expr","locations":[{"start":{"line":65,"column":7},"end":{"line":65,"column":null}}]},"4":{"loc":{"start":{"line":85,"column":19},"end":{"line":85,"column":null}},"type":"binary-expr","locations":[{"start":{"line":85,"column":19},"end":{"line":85,"column":null}}]},"5":{"loc":{"start":{"line":103,"column":8},"end":{"line":124,"column":9}},"type":"cond-expr","locations":[{"start":{"line":103,"column":8},"end":{"line":124,"column":9}}]},"6":{"loc":{"start":{"line":104,"column":11},"end":{"line":104,"column":20}},"type":"binary-expr","locations":[{"start":{"line":104,"column":11},"end":{"line":104,"column":20}}]},"7":{"loc":{"start":{"line":118,"column":22},"end":{"line":118,"column":null}},"type":"binary-expr","locations":[{"start":{"line":118,"column":22},"end":{"line":118,"column":36}},{"start":{"line":118,"column":36},"end":{"line":118,"column":null}}]},"8":{"loc":{"start":{"line":120,"column":13},"end":{"line":120,"column":null}},"type":"cond-expr","locations":[{"start":{"line":120,"column":26},"end":{"line":120,"column":42}},{"start":{"line":120,"column":42},"end":{"line":120,"column":null}}]}},"s":{"0":8,"1":1,"2":1,"3":1,"4":25,"5":25,"6":25,"7":25,"8":25,"9":25,"10":1,"11":1,"12":0,"13":1,"14":1,"15":1,"16":1,"17":1,"18":1,"19":1,"20":1,"21":1,"22":1,"23":1,"24":1,"25":0,"26":0,"27":0,"28":0,"29":0,"30":1,"31":0,"32":0,"33":0,"34":0,"35":0,"36":7,"37":7,"38":7,"39":0,"40":15},"f":{"0":25,"1":1,"2":1,"3":1,"4":1,"5":0,"6":0,"7":0,"8":0,"9":0,"10":7,"11":0,"12":15},"b":{"0":[0,1],"1":[1,0],"2":[1,0],"3":[25],"4":[7],"5":[20],"6":[20],"7":[20,19],"8":[1,19]}}
,"C:\\Users\\Yar\\Desktop\\site\\Habr\\frontend\\src\\components\\DeleteArticleButton.tsx": {"path":"C:\\Users\\Yar\\Desktop\\site\\Habr\\frontend\\src\\components\\DeleteArticleButton.tsx","statementMap":{"0":{"start":{"line":10,"column":24},"end":{"line":10,"column":44}},"1":{"start":{"line":3,"column":26},"end":{"line":3,"column":null}},"2":{"start":{"line":4,"column":30},"end":{"line":4,"column":null}},"3":{"start":{"line":11,"column":17},"end":{"line":11,"column":null}},"4":{"start":{"line":14,"column":4},"end":{"line":14,"column":null}},"5":{"start":{"line":14,"column":60},"end":{"line":14,"column":null}},"6":{"start":{"line":15,"column":4},"end":{"line":20,"column":null}},"7":{"start":{"line":16,"column":6},"end":{"line":16,"column":null}},"8":{"start":{"line":17,"column":6},"end":{"line":17,"column":null}},"9":{"start":{"line":19,"column":6},"end":{"line":19,"column":null}}},"fnMap":{"0":{"name":"DeleteArticleButton","decl":{"start":{"line":10,"column":24},"end":{"line":10,"column":44}},"loc":{"start":{"line":10,"column":78},"end":{"line":28,"column":null}}},"1":{"name":"handleDelete","decl":{"start":{"line":13,"column":17},"end":{"line":13,"column":null}},"loc":{"start":{"line":13,"column":17},"end":{"line":21,"column":null}}}},"branchMap":{"0":{"loc":{"start":{"line":14,"column":4},"end":{"line":14,"column":null}},"type":"if","locations":[{"start":{"line":14,"column":4},"end":{"line":14,"column":null}},{"start":{},"end":{}}]}},"s":{"0":2,"1":1,"2":1,"3":2,"4":2,"5":1,"6":1,"7":1,"8":1,"9":0},"f":{"0":2,"1":2},"b":{"0":[1,1]}}
,"C:\\Users\\Yar\\Desktop\\site\\Habr\\frontend\\src\\components\\FollowButton.tsx": {"path":"C:\\Users\\Yar\\Desktop\\site\\Habr\\frontend\\src\\components\\FollowButton.tsx","statementMap":{"0":{"start":{"line":12,"column":24},"end":{"line":12,"column":37}},"1":{"start":{"line":3,"column":25},"end":{"line":3,"column":null}},"2":{"start":{"line":4,"column":27},"end":{"line":4,"column":null}},"3":{"start":{"line":5,"column":25},"end":{"line":5,"column":null}},"4":{"start":{"line":13,"column":40},"end":{"line":13,"column":null}},"5":{"start":{"line":14,"column":32},"end":{"line":14,"column":null}},"6":{"start":{"line":16,"column":23},"end":{"line":16,"column":null}},"7":{"start":{"line":19,"column":4},"end":{"line":19,"column":null}},"8":{"start":{"line":19,"column":34},"end":{"line":19,"column":null}},"9":{"start":{"line":20,"column":4},"end":{"line":20,"column":null}},"10":{"start":{"line":21,"column":4},"end":{"line":28,"column":null}},"11":{"start":{"line":22,"column":21},"end":{"line":22,"column":null}},"12":{"start":{"line":23,"column":6},"end":{"line":23,"column":null}},"13":{"start":{"line":27,"column":6},"end":{"line":27,"column":null}}},"fnMap":{"0":{"name":"FollowButton","decl":{"start":{"line":12,"column":24},"end":{"line":12,"column":37}},"loc":{"start":{"line":12,"column":88},"end":{"line":41,"column":null}}},"1":{"name":"handleClick","decl":{"start":{"line":18,"column":17},"end":{"line":18,"column":null}},"loc":{"start":{"line":18,"column":17},"end":{"line":29,"column":null}}}},"branchMap":{"0":{"loc":{"start":{"line":19,"column":4},"end":{"line":19,"column":null}},"type":"if","locations":[{"start":{"line":19,"column":4},"end":{"line":19,"column":null}},{"start":{},"end":{}}]},"1":{"loc":{"start":{"line":19,"column":8},"end":{"line":19,"column":34}},"type":"binary-expr","locations":[{"start":{"line":19,"column":8},"end":{"line":19,"column":25}},{"start":{"line":19,"column":25},"end":{"line":19,"column":34}}]},"2":{"loc":{"start":{"line":33,"column":31},"end":{"line":33,"column":85}},"type":"cond-expr","locations":[{"start":{"line":33,"column":45},"end":{"line":33,"column":71}},{"start":{"line":33,"column":71},"end":{"line":33,"column":85}}]},"3":{"loc":{"start":{"line":35,"column":16},"end":{"line":35,"column":null}},"type":"binary-expr","locations":[{"start":{"line":35,"column":16},"end":{"line":35,"column":33}},{"start":{"line":35,"column":33},"end":{"line":35,"column":null}}]},"4":{"loc":{"start":{"line":36,"column":13},"end":{"line":36,"column":null}},"type":"cond-expr","locations":[{"start":{"line":36,"column":29},"end":{"line":36,"column":60}},{"start":{"line":36,"column":60},"end":{"line":36,"column":null}}]},"5":{"loc":{"start":{"line":38,"column":7},"end":{"line":38,"column":null}},"type":"cond-expr","locations":[{"start":{"line":38,"column":17},"end":{"line":38,"column":25}},{"start":{"line":38,"column":25},"end":{"line":38,"column":null}}]},"6":{"loc":{"start":{"line":38,"column":25},"end":{"line":38,"column":null}},"type":"cond-expr","locations":[{"start":{"line":38,"column":39},"end":{"line":38,"column":54}},{"start":{"line":38,"column":54},"end":{"line":38,"column":null}}]}},"s":{"0":2,"1":1,"2":1,"3":1,"4":4,"5":4,"6":4,"7":1,"8":0,"9":1,"10":1,"11":1,"12":1,"13":1},"f":{"0":4,"1":1},"b":{"0":[0,1],"1":[1,1],"2":[1,3],"3":[4,3],"4":[1,3],"5":[1,3],"6":[1,2]}}
,"C:\\Users\\Yar\\Desktop\\site\\Habr\\frontend\\src\\components\\Navbar.tsx": {"path":"C:\\Users\\Yar\\Desktop\\site\\Habr\\frontend\\src\\components\\Navbar.tsx","statementMap":{"0":{"start":{"line":11,"column":24},"end":{"line":11,"column":null}},"1":{"start":{"line":3,"column":17},"end":{"line":3,"column":null}},"2":{"start":{"line":4,"column":39},"end":{"line":4,"column":null}},"3":{"start":{"line":5,"column":36},"end":{"line":5,"column":null}},"4":{"start":{"line":6,"column":23},"end":{"line":6,"column":null}},"5":{"start":{"line":7,"column":43},"end":{"line":7,"column":null}},"6":{"start":{"line":8,"column":33},"end":{"line":8,"column":null}},"7":{"start":{"line":12,"column":17},"end":{"line":12,"column":null}},"8":{"start":{"line":13,"column":19},"end":{"line":13,"column":null}},"9":{"start":{"line":14,"column":26},"end":{"line":14,"column":null}},"10":{"start":{"line":15,"column":40},"end":{"line":15,"column":null}},"11":{"start":{"line":17,"column":2},"end":{"line":33,"column":null}},"12":{"start":{"line":18,"column":19},"end":{"line":18,"column":null}},"13":{"start":{"line":19,"column":4},"end":{"line":19,"column":null}},"14":{"start":{"line":21,"column":4},"end":{"line":32,"column":null}},"15":{"start":{"line":22,"column":6},"end":{"line":29,"column":null}},"16":{"start":{"line":22,"column":6},"end":{"line":22,"column":27}},"17":{"start":{"line":23,"column":8},"end":{"line":28,"column":null}},"18":{"start":{"line":25,"column":26},"end":{"line":25,"column":71}},"19":{"start":{"line":25,"column":53},"end":{"line":25,"column":63}},"20":{"start":{"line":26,"column":12},"end":{"line":26,"column":null}},"21":{"start":{"line":31,"column":6},"end":{"line":31,"column":null}},"22":{"start":{"line":35,"column":23},"end":{"line":46,"column":null}},"23":{"start":{"line":36,"column":4},"end":{"line":45,"column":null}},"24":{"start":{"line":37,"column":6},"end":{"line":37,"column":null}},"25":{"start":{"line":41,"column":6},"end":{"line":41,"column":null}},"26":{"start":{"line":42,"column":6},"end":{"line":42,"column":null}},"27":{"start":{"line":43,"column":6},"end":{"line":43,"column":null}},"28":{"start":{"line":44,"column":6},"end":{"line":44,"column":null}}},"fnMap":{"0":{"name":"Navbar","decl":{"start":{"line":11,"column":24},"end":{"line":11,"column":null}},"loc":{"start":{"line":11,"column":24},"end":{"line":124,"column":null}}},"1":{"name":"(anonymous_6)","decl":{"start":{"line":17,"column":12},"end":{"line":17,"column":null}},"loc":{"start":{"line":17,"column":12},"end":{"line":33,"column":5}}},"2":{"name":"(anonymous_7)","decl":{"start":{"line":22,"column":6},"end":{"line":22,"column":13}},"loc":{"start":{"line":22,"column":6},"end":{"line":22,"column":27}}},"3":{"name":"(anonymous_8)","decl":{"start":{"line":22,"column":32},"end":{"line":22,"column":33}},"loc":{"start":{"line":22,"column":59},"end":{"line":29,"column":null}}},"4":{"name":"(anonymous_9)","decl":{"start":{"line":24,"column":16},"end":{"line":24,"column":17}},"loc":{"start":{"line":24,"column":17},"end":{"line":27,"column":null}}},"5":{"name":"(anonymous_10)","decl":{"start":{"line":25,"column":46},"end":{"line":25,"column":47}},"loc":{"start":{"line":25,"column":53},"end":{"line":25,"column":63}}},"6":{"name":"(anonymous_11)","decl":{"start":{"line":28,"column":17},"end":{"line":28,"column":24}},"loc":{"start":{"line":28,"column":17},"end":{"line":28,"column":null}}},"7":{"name":"(anonymous_12)","decl":{"start":{"line":35,"column":23},"end":{"line":35,"column":null}},"loc":{"start":{"line":35,"column":23},"end":{"line":46,"column":null}}}},"branchMap":{"0":{"loc":{"start":{"line":21,"column":4},"end":{"line":32,"column":null}},"type":"if","locations":[{"start":{"line":21,"column":4},"end":{"line":32,"column":null}},{"start":{"line":30,"column":11},"end":{"line":32,"column":null}}]},"1":{"loc":{"start":{"line":70,"column":14},"end":{"line":106,"column":null}},"type":"cond-expr","locations":[{"start":{"line":70,"column":14},"end":{"line":106,"column":null}}]},"2":{"loc":{"start":{"line":79,"column":21},"end":{"line":79,"column":null}},"type":"binary-expr","locations":[{"start":{"line":79,"column":21},"end":{"line":79,"column":null}}]},"3":{"loc":{"start":{"line":81,"column":25},"end":{"line":81,"column":null}},"type":"cond-expr","locations":[{"start":{"line":81,"column":44},"end":{"line":81,"column":52}},{"start":{"line":81,"column":52},"end":{"line":81,"column":null}}]}},"s":{"0":4,"1":1,"2":1,"3":1,"4":1,"5":1,"6":1,"7":8,"8":8,"9":8,"10":8,"11":8,"12":4,"13":4,"14":4,"15":2,"16":2,"17":2,"18":2,"19":0,"20":2,"21":2,"22":8,"23":0,"24":0,"25":0,"26":0,"27":0,"28":0},"f":{"0":8,"1":4,"2":2,"3":2,"4":2,"5":0,"6":0,"7":0},"b":{"0":[2,2],"1":[4],"2":[4],"3":[0,0]}}
,"C:\\Users\\Yar\\Desktop\\site\\Habr\\frontend\\src\\components\\Pagination.tsx": {"path":"C:\\Users\\Yar\\Desktop\\site\\Habr\\frontend\\src\\components\\Pagination.tsx","statementMap":{"0":{"start":{"line":15,"column":24},"end":{"line":15,"column":35}},"1":{"start":{"line":10,"column":17},"end":{"line":10,"column":null}},"2":{"start":{"line":11,"column":2},"end":{"line":11,"column":null}},"3":{"start":{"line":12,"column":2},"end":{"line":12,"column":null}},"4":{"start":{"line":16,"column":21},"end":{"line":16,"column":null}},"5":{"start":{"line":18,"column":2},"end":{"line":18,"column":null}},"6":{"start":{"line":18,"column":23},"end":{"line":18,"column":null}},"7":{"start":{"line":33,"column":54},"end":{"line":33,"column":61}},"8":{"start":{"line":34,"column":10},"end":{"line":34,"column":22}}},"fnMap":{"0":{"name":"buildPageUrl","decl":{"start":{"line":9,"column":9},"end":{"line":9,"column":22}},"loc":{"start":{"line":9,"column":70},"end":{"line":13,"column":null}}},"1":{"name":"Pagination","decl":{"start":{"line":15,"column":24},"end":{"line":15,"column":35}},"loc":{"start":{"line":15,"column":96},"end":{"line":53,"column":null}}},"2":{"name":"(anonymous_3)","decl":{"start":{"line":33,"column":44},"end":{"line":33,"column":45}},"loc":{"start":{"line":33,"column":54},"end":{"line":33,"column":61}}},"3":{"name":"(anonymous_4)","decl":{"start":{"line":33,"column":65},"end":{"line":33,"column":66}},"loc":{"start":{"line":34,"column":10},"end":{"line":34,"column":22}}}},"branchMap":{"0":{"loc":{"start":{"line":15,"column":50},"end":{"line":15,"column":63}},"type":"default-arg","locations":[{"start":{"line":15,"column":61},"end":{"line":15,"column":63}}]},"1":{"loc":{"start":{"line":18,"column":2},"end":{"line":18,"column":null}},"type":"if","locations":[{"start":{"line":18,"column":2},"end":{"line":18,"column":null}},{"start":{},"end":{}}]},"2":{"loc":{"start":{"line":23,"column":35},"end":{"line":23,"column":64}},"type":"cond-expr","locations":[{"start":{"line":23,"column":47},"end":{"line":23,"column":61}},{"start":{"line":23,"column":61},"end":{"line":23,"column":64}}]},"3":{"loc":{"start":{"line":34,"column":45},"end":{"line":34,"column":73}},"type":"cond-expr","locations":[{"start":{"line":34,"column":58},"end":{"line":34,"column":70}},{"start":{"line":34,"column":70},"end":{"line":34,"column":73}}]},"4":{"loc":{"start":{"line":41,"column":35},"end":{"line":41,"column":73}},"type":"cond-expr","locations":[{"start":{"line":41,"column":56},"end":{"line":41,"column":70}},{"start":{"line":41,"column":70},"end":{"line":41,"column":73}}]}},"s":{"0":8,"1":30,"2":30,"3":30,"4":8,"5":8,"6":2,"7":18,"8":18},"f":{"0":30,"1":8,"2":18,"3":18},"b":{"0":[0],"1":[2,6],"2":[2,4],"3":[6,12],"4":[1,5]}}
,"C:\\Users\\Yar\\Desktop\\site\\Habr\\frontend\\src\\components\\ProfileEditForm.tsx": {"path":"C:\\Users\\Yar\\Desktop\\site\\Habr\\frontend\\src\\components\\ProfileEditForm.tsx","statementMap":{"0":{"start":{"line":12,"column":24},"end":{"line":12,"column":40}},"1":{"start":{"line":3,"column":33},"end":{"line":3,"column":null}},"2":{"start":{"line":4,"column":18},"end":{"line":4,"column":null}},"3":{"start":{"line":6,"column":32},"end":{"line":6,"column":null}},"4":{"start":{"line":13,"column":24},"end":{"line":13,"column":null}},"5":{"start":{"line":14,"column":44},"end":{"line":14,"column":null}},"6":{"start":{"line":15,"column":38},"end":{"line":15,"column":null}},"7":{"start":{"line":16,"column":30},"end":{"line":16,"column":null}},"8":{"start":{"line":17,"column":32},"end":{"line":17,"column":null}},"9":{"start":{"line":18,"column":28},"end":{"line":18,"column":null}},"10":{"start":{"line":19,"column":18},"end":{"line":19,"column":null}},"11":{"start":{"line":22,"column":17},"end":{"line":22,"column":null}},"12":{"start":{"line":23,"column":4},"end":{"line":23,"column":null}},"13":{"start":{"line":24,"column":4},"end":{"line":26,"column":null}},"14":{"start":{"line":25,"column":6},"end":{"line":25,"column":null}},"15":{"start":{"line":30,"column":4},"end":{"line":30,"column":null}},"16":{"start":{"line":31,"column":4},"end":{"line":31,"column":null}},"17":{"start":{"line":32,"column":4},"end":{"line":32,"column":null}},"18":{"start":{"line":33,"column":4},"end":{"line":33,"column":null}},"19":{"start":{"line":34,"column":4},"end":{"line":42,"column":null}},"20":{"start":{"line":35,"column":6},"end":{"line":35,"column":null}},"21":{"start":{"line":36,"column":6},"end":{"line":36,"column":null}},"22":{"start":{"line":37,"column":6},"end":{"line":37,"column":null}},"23":{"start":{"line":39,"column":6},"end":{"line":39,"column":null}},"24":{"start":{"line":41,"column":6},"end":{"line":41,"column":null}},"25":{"start":{"line":71,"column":27},"end":{"line":71,"column":null}},"26":{"start":{"line":95,"column":27},"end":{"line":95,"column":null}}},"fnMap":{"0":{"name":"ProfileEditForm","decl":{"start":{"line":12,"column":24},"end":{"line":12,"column":40}},"loc":{"start":{"line":12,"column":73},"end":{"line":109,"column":null}}},"1":{"name":"handleAvatarChange","decl":{"start":{"line":21,"column":11},"end":{"line":21,"column":30}},"loc":{"start":{"line":21,"column":68},"end":{"line":27,"column":null}}},"2":{"name":"handleSubmit","decl":{"start":{"line":29,"column":17},"end":{"line":29,"column":30}},"loc":{"start":{"line":29,"column":48},"end":{"line":43,"column":null}}},"3":{"name":"(anonymous_5)","decl":{"start":{"line":71,"column":21},"end":{"line":71,"column":27}},"loc":{"start":{"line":71,"column":27},"end":{"line":71,"column":null}}},"4":{"name":"(anonymous_6)","decl":{"start":{"line":95,"column":20},"end":{"line":95,"column":21}},"loc":{"start":{"line":95,"column":27},"end":{"line":95,"column":null}}}},"branchMap":{"0":{"loc":{"start":{"line":13,"column":33},"end":{"line":13,"column":null}},"type":"binary-expr","locations":[{"start":{"line":13,"column":33},"end":{"line":13,"column":44}},{"start":{"line":13,"column":48},"end":{"line":13,"column":null}}]},"1":{"loc":{"start":{"line":22,"column":17},"end":{"line":22,"column":null}},"type":"binary-expr","locations":[{"start":{"line":22,"column":17},"end":{"line":22,"column":36}},{"start":{"line":22,"column":40},"end":{"line":22,"column":null}}]},"2":{"loc":{"start":{"line":24,"column":4},"end":{"line":26,"column":null}},"type":"if","locations":[{"start":{"line":24,"column":4},"end":{"line":26,"column":null}},{"start":{},"end":{}}]},"3":{"loc":{"start":{"line":50,"column":10},"end":{"line":60,"column":11}},"type":"cond-expr","locations":[{"start":{"line":50,"column":10},"end":{"line":60,"column":11}}]},"4":{"loc":{"start":{"line":101,"column":7},"end":{"line":101,"column":16}},"type":"binary-expr","locations":[{"start":{"line":101,"column":7},"end":{"line":101,"column":16}}]},"5":{"loc":{"start":{"line":102,"column":7},"end":{"line":102,"column":18}},"type":"binary-expr","locations":[{"start":{"line":102,"column":7},"end":{"line":102,"column":18}}]},"6":{"loc":{"start":{"line":105,"column":9},"end":{"line":105,"column":null}},"type":"cond-expr","locations":[{"start":{"line":105,"column":18},"end":{"line":105,"column":36}},{"start":{"line":105,"column":36},"end":{"line":105,"column":null}}]}},"s":{"0":1,"1":1,"2":1,"3":1,"4":13,"5":13,"6":13,"7":13,"8":13,"9":13,"10":13,"11":0,"12":0,"13":0,"14":0,"15":1,"16":1,"17":1,"18":1,"19":1,"20":1,"21":1,"22":1,"23":0,"24":1,"25":0,"26":10},"f":{"0":13,"1":0,"2":1,"3":0,"4":10},"b":{"0":[13,0],"1":[0,0],"2":[0,0],"3":[0],"4":[13],"5":[13],"6":[1,12]}}
,"C:\\Users\\Yar\\Desktop\\site\\Habr\\frontend\\src\\components\\SearchBar.tsx": {"path":"C:\\Users\\Yar\\Desktop\\site\\Habr\\frontend\\src\\components\\SearchBar.tsx","statementMap":{"0":{"start":{"line":9,"column":24},"end":{"line":9,"column":34}},"1":{"start":{"line":2,"column":56},"end":{"line":2,"column":null}},"2":{"start":{"line":3,"column":57},"end":{"line":3,"column":null}},"3":{"start":{"line":10,"column":17},"end":{"line":10,"column":null}},"4":{"start":{"line":11,"column":19},"end":{"line":11,"column":null}},"5":{"start":{"line":12,"column":23},"end":{"line":12,"column":null}},"6":{"start":{"line":13,"column":28},"end":{"line":13,"column":null}},"7":{"start":{"line":14,"column":19},"end":{"line":14,"column":null}},"8":{"start":{"line":16,"column":2},"end":{"line":18,"column":null}},"9":{"start":{"line":17,"column":4},"end":{"line":17,"column":null}},"10":{"start":{"line":20,"column":23},"end":{"line":38,"column":null}},"11":{"start":{"line":22,"column":19},"end":{"line":22,"column":33}},"12":{"start":{"line":23,"column":6},"end":{"line":23,"column":null}},"13":{"start":{"line":25,"column":6},"end":{"line":25,"column":null}},"14":{"start":{"line":25,"column":28},"end":{"line":25,"column":null}},"15":{"start":{"line":27,"column":6},"end":{"line":36,"column":null}},"16":{"start":{"line":28,"column":23},"end":{"line":28,"column":null}},"17":{"start":{"line":29,"column":8},"end":{"line":33,"column":null}},"18":{"start":{"line":30,"column":10},"end":{"line":30,"column":null}},"19":{"start":{"line":32,"column":10},"end":{"line":32,"column":null}},"20":{"start":{"line":34,"column":8},"end":{"line":34,"column":null}},"21":{"start":{"line":35,"column":8},"end":{"line":35,"column":null}}},"fnMap":{"0":{"name":"SearchBar","decl":{"start":{"line":9,"column":24},"end":{"line":9,"column":34}},"loc":{"start":{"line":9,"column":71},"end":{"line":51,"column":null}}},"1":{"name":"(anonymous_2)","decl":{"start":{"line":16,"column":12},"end":{"line":16,"column":null}},"loc":{"start":{"line":16,"column":12},"end":{"line":18,"column":5}}},"2":{"name":"(anonymous_3)","decl":{"start":{"line":21,"column":4},"end":{"line":21,"column":5}},"loc":{"start":{"line":21,"column":5},"end":{"line":37,"column":null}}},"3":{"name":"(anonymous_4)","decl":{"start":{"line":27,"column":36},"end":{"line":27,"column":null}},"loc":{"start":{"line":27,"column":36},"end":{"line":36,"column":9}}}},"branchMap":{"0":{"loc":{"start":{"line":9,"column":36},"end":{"line":9,"column":53}},"type":"default-arg","locations":[{"start":{"line":9,"column":51},"end":{"line":9,"column":53}}]},"1":{"loc":{"start":{"line":17,"column":13},"end":{"line":17,"column":null}},"type":"binary-expr","locations":[{"start":{"line":17,"column":13},"end":{"line":17,"column":43}},{"start":{"line":17,"column":43},"end":{"line":17,"column":null}}]},"2":{"loc":{"start":{"line":25,"column":6},"end":{"line":25,"column":null}},"type":"if","locations":[{"start":{"line":25,"column":6},"end":{"line":25,"column":null}},{"start":{},"end":{}}]},"3":{"loc":{"start":{"line":29,"column":8},"end":{"line":33,"column":null}},"type":"if","locations":[{"start":{"line":29,"column":8},"end":{"line":33,"column":null}},{"start":{"line":31,"column":15},"end":{"line":33,"column":null}}]}},"s":{"0":2,"1":1,"2":1,"3":10,"4":10,"5":10,"6":10,"7":10,"8":10,"9":2,"10":10,"11":6,"12":6,"13":6,"14":4,"15":6,"16":2,"17":2,"18":1,"19":1,"20":2,"21":2},"f":{"0":10,"1":2,"2":6,"3":2},"b":{"0":[7],"1":[2,1],"2":[4,2],"3":[1,1]}}
,"C:\\Users\\Yar\\Desktop\\site\\Habr\\frontend\\src\\components\\VoteButtons.tsx": {"path":"C:\\Users\\Yar\\Desktop\\site\\Habr\\frontend\\src\\components\\VoteButtons.tsx","statementMap":{"0":{"start":{"line":13,"column":24},"end":{"line":13,"column":36}},"1":{"start":{"line":3,"column":25},"end":{"line":3,"column":null}},"2":{"start":{"line":4,"column":26},"end":{"line":4,"column":null}},"3":{"start":{"line":5,"column":38},"end":{"line":5,"column":null}},"4":{"start":{"line":6,"column":25},"end":{"line":6,"column":null}},"5":{"start":{"line":14,"column":30},"end":{"line":14,"column":null}},"6":{"start":{"line":15,"column":32},"end":{"line":15,"column":null}},"7":{"start":{"line":16,"column":17},"end":{"line":16,"column":null}},"8":{"start":{"line":19,"column":4},"end":{"line":22,"column":null}},"9":{"start":{"line":20,"column":6},"end":{"line":20,"column":null}},"10":{"start":{"line":21,"column":6},"end":{"line":21,"column":null}},"11":{"start":{"line":24,"column":23},"end":{"line":24,"column":null}},"12":{"start":{"line":25,"column":4},"end":{"line":25,"column":null}},"13":{"start":{"line":25,"column":21},"end":{"line":25,"column":null}},"14":{"start":{"line":26,"column":4},"end":{"line":26,"column":null}},"15":{"start":{"line":28,"column":4},"end":{"line":38,"column":null}},"16":{"start":{"line":29,"column":21},"end":{"line":29,"column":null}},"17":{"start":{"line":30,"column":6},"end":{"line":30,"column":null}},"18":{"start":{"line":32,"column":6},"end":{"line":34,"column":null}},"19":{"start":{"line":33,"column":8},"end":{"line":33,"column":null}},"20":{"start":{"line":35,"column":6},"end":{"line":35,"column":null}},"21":{"start":{"line":37,"column":6},"end":{"line":37,"column":null}},"22":{"start":{"line":45,"column":23},"end":{"line":45,"column":null}},"23":{"start":{"line":54,"column":23},"end":{"line":54,"column":null}}},"fnMap":{"0":{"name":"VoteButtons","decl":{"start":{"line":13,"column":24},"end":{"line":13,"column":36}},"loc":{"start":{"line":13,"column":77},"end":{"line":62,"column":null}}},"1":{"name":"handleVote","decl":{"start":{"line":18,"column":17},"end":{"line":18,"column":28}},"loc":{"start":{"line":18,"column":41},"end":{"line":39,"column":null}}},"2":{"name":"(anonymous_3)","decl":{"start":{"line":25,"column":14},"end":{"line":25,"column":15}},"loc":{"start":{"line":25,"column":21},"end":{"line":25,"column":null}}},"3":{"name":"(anonymous_4)","decl":{"start":{"line":45,"column":17},"end":{"line":45,"column":23}},"loc":{"start":{"line":45,"column":23},"end":{"line":45,"column":null}}},"4":{"name":"(anonymous_5)","decl":{"start":{"line":54,"column":17},"end":{"line":54,"column":23}},"loc":{"start":{"line":54,"column":23},"end":{"line":54,"column":null}}}},"branchMap":{"0":{"loc":{"start":{"line":19,"column":4},"end":{"line":22,"column":null}},"type":"if","locations":[{"start":{"line":19,"column":4},"end":{"line":22,"column":null}},{"start":{},"end":{}}]},"1":{"loc":{"start":{"line":32,"column":6},"end":{"line":34,"column":null}},"type":"if","locations":[{"start":{"line":32,"column":6},"end":{"line":34,"column":null}},{"start":{},"end":{}}]},"2":{"loc":{"start":{"line":32,"column":10},"end":{"line":32,"column":57}},"type":"binary-expr","locations":[{"start":{"line":32,"column":10},"end":{"line":32,"column":33}},{"start":{"line":32,"column":37},"end":{"line":32,"column":57}}]}},"s":{"0":5,"1":1,"2":1,"3":1,"4":1,"5":13,"6":13,"7":13,"8":5,"9":1,"10":1,"11":4,"12":4,"13":4,"14":4,"15":4,"16":4,"17":3,"18":1,"19":0,"20":1,"21":4,"22":4,"23":1},"f":{"0":13,"1":5,"2":4,"3":4,"4":1},"b":{"0":[1,4],"1":[0,1],"2":[1,0]}}
}
