TN:
SF:frontend\src\components\ArticleCard.tsx
FN:8,ArticleCard
FN:31,(anonymous_3)
FNF:2
FNH:2
FNDA:6,ArticleCard
FNDA:1,(anonymous_3)
DA:1,2
DA:8,6
DA:9,6
DA:32,1
LF:4
LH:4
BRDA:29,0,0,6
BRF:1
BRH:1
end_of_record
TN:
SF:frontend\src\components\ArticleForm.tsx
FN:21,ArticleForm
FN:26,(anonymous_2)
FN:35,parseTags
FN:38,(anonymous_4)
FN:42,handleSubmit
FN:76,handleDelete
FN:105,(anonymous_7)
FN:123,(anonymous_8)
FN:141,(anonymous_9)
FN:158,(anonymous_10)
FNF:10
FNH:7
FNDA:114,ArticleForm
FNDA:0,(anonymous_2)
FNDA:5,parseTags
FNDA:6,(anonymous_4)
FNDA:5,handleSubmit
FNDA:0,handleDelete
FNDA:52,(anonymous_7)
FNDA:33,(anonymous_8)
FNDA:14,(anonymous_9)
FNDA:0,(anonymous_10)
DA:3,1
DA:4,1
DA:6,1
DA:21,5
DA:22,114
DA:23,114
DA:24,114
DA:25,114
DA:26,0
DA:28,114
DA:31,114
DA:32,114
DA:33,114
DA:36,5
DA:38,6
DA:43,5
DA:44,5
DA:45,5
DA:47,5
DA:54,5
DA:55,5
DA:56,1
DA:57,1
DA:59,4
DA:60,1
DA:63,3
DA:64,3
DA:65,3
DA:66,3
DA:68,0
DA:72,5
DA:77,0
DA:78,0
DA:79,0
DA:80,0
DA:81,0
DA:82,0
DA:84,0
DA:105,52
DA:123,33
DA:141,14
DA:158,0
LF:42
LH:32
BRDA:23,0,0,114
BRDA:23,0,1,95
BRDA:24,1,0,114
BRDA:24,1,1,95
BRDA:26,2,0,114
BRDA:26,2,1,95
BRDA:29,3,0,114
BRDA:29,3,1,95
BRDA:55,4,0,1
BRDA:55,4,1,4
BRDA:63,5,0,3
BRDA:63,5,1,0
BRDA:63,6,0,3
BRDA:63,6,1,3
BRDA:77,7,0,0
BRDA:77,7,1,0
BRDA:78,8,0,0
BRDA:78,8,1,0
BRDA:90,9,0,114
BRDA:103,10,0,2
BRDA:103,10,1,112
BRDA:109,11,0,114
BRDA:120,12,0,1
BRDA:120,12,1,113
BRDA:127,13,0,114
BRDA:139,14,0,0
BRDA:139,14,1,114
BRDA:145,15,0,114
BRDA:156,16,0,0
BRDA:156,16,1,114
BRDA:164,17,0,114
BRDA:171,18,0,5
BRDA:171,18,1,109
BRDA:171,19,0,18
BRDA:171,19,1,91
BRDA:173,20,0,114
BRDA:180,21,0,0
BRDA:180,21,1,19
BRF:38
BRH:30
end_of_record
TN:
SF:frontend\src\components\ArticleList.tsx
FN:8,ArticleList
FN:15,(anonymous_3)
FNF:2
FNH:2
FNDA:2,ArticleList
FNDA:3,(anonymous_3)
DA:2,1
DA:8,2
DA:9,2
DA:16,3
LF:4
LH:4
BRDA:9,0,0,1
BRDA:9,0,1,1
BRF:2
BRH:2
end_of_record
TN:
SF:frontend\src\components\CommentSection.tsx
FN:13,CommentSection
FN:22,handleSubmit
FN:33,(anonymous_3)
FN:41,(anonymous_4)
FN:41,(anonymous_5)
FN:44,(anonymous_6)
FN:44,(anonymous_7)
FN:52,handleDelete
FN:53,(anonymous_9)
FN:53,(anonymous_10)
FN:70,(anonymous_11)
FN:88,(anonymous_12)
FN:111,(anonymous_13)
FNF:13
FNH:7
FNDA:25,CommentSection
FNDA:1,handleSubmit
FNDA:1,(anonymous_3)
FNDA:1,(anonymous_4)
FNDA:1,(anonymous_5)
FNDA:0,(anonymous_6)
FNDA:0,(anonymous_7)
FNDA:0,handleDelete
FNDA:0,(anonymous_9)
FNDA:0,(anonymous_10)
FNDA:7,(anonymous_11)
FNDA:0,(anonymous_12)
FNDA:15,(anonymous_13)
DA:3,1
DA:5,1
DA:6,1
DA:13,8
DA:14,25
DA:15,25
DA:16,25
DA:17,25
DA:19,25
DA:20,25
DA:23,1
DA:24,1
DA:27,1
DA:33,1
DA:34,1
DA:35,1
DA:36,1
DA:37,1
DA:39,1
DA:40,1
DA:41,1
DA:44,0
DA:45,0
DA:46,0
DA:48,1
DA:53,0
DA:54,0
DA:55,0
DA:71,7
DA:72,7
DA:77,7
DA:88,0
DA:111,15
LF:33
LH:26
BRDA:24,0,0,0
BRDA:24,0,1,1
BRDA:29,1,0,1
BRDA:29,1,1,0
BRDA:41,2,0,1
BRDA:41,2,1,0
BRDA:65,3,0,25
BRDA:85,4,0,7
BRDA:103,5,0,20
BRDA:104,6,0,20
BRDA:118,7,0,20
BRDA:118,7,1,19
BRDA:120,8,0,1
BRDA:120,8,1,19
BRF:14
BRH:11
end_of_record
TN:
SF:frontend\src\components\DeleteArticleButton.tsx
FN:10,DeleteArticleButton
FN:13,handleDelete
FNF:2
FNH:2
FNDA:2,DeleteArticleButton
FNDA:2,handleDelete
DA:3,1
DA:4,1
DA:10,2
DA:11,2
DA:14,2
DA:15,1
DA:16,1
DA:17,1
DA:19,0
LF:9
LH:8
BRDA:14,0,0,1
BRDA:14,0,1,1
BRF:2
BRH:2
end_of_record
TN:
SF:frontend\src\components\FollowButton.tsx
FN:12,FollowButton
FN:18,handleClick
FNF:2
FNH:2
FNDA:4,FollowButton
FNDA:1,handleClick
DA:3,1
DA:4,1
DA:5,1
DA:12,2
DA:13,4
DA:14,4
DA:16,4
DA:19,1
DA:20,1
DA:21,1
DA:22,1
DA:23,1
DA:27,1
LF:13
LH:13
BRDA:19,0,0,0
BRDA:19,0,1,1
BRDA:19,1,0,1
BRDA:19,1,1,1
BRDA:33,2,0,1
BRDA:33,2,1,3
BRDA:35,3,0,4
BRDA:35,3,1,3
BRDA:36,4,0,1
BRDA:36,4,1,3
BRDA:38,5,0,1
BRDA:38,5,1,3
BRDA:38,6,0,1
BRDA:38,6,1,2
BRF:14
BRH:13
end_of_record
TN:
SF:frontend\src\components\Navbar.tsx
FN:11,Navbar
FN:17,(anonymous_6)
FN:22,(anonymous_7)
FN:22,(anonymous_8)
FN:24,(anonymous_9)
FN:25,(anonymous_10)
FN:28,(anonymous_11)
FN:35,(anonymous_12)
FNF:8
FNH:5
FNDA:8,Navbar
FNDA:4,(anonymous_6)
FNDA:2,(anonymous_7)
FNDA:2,(anonymous_8)
FNDA:2,(anonymous_9)
FNDA:0,(anonymous_10)
FNDA:0,(anonymous_11)
FNDA:0,(anonymous_12)
DA:3,1
DA:4,1
DA:5,1
DA:6,1
DA:7,1
DA:8,1
DA:11,4
DA:12,8
DA:13,8
DA:14,8
DA:15,8
DA:17,8
DA:18,4
DA:19,4
DA:21,4
DA:22,2
DA:23,2
DA:25,2
DA:26,2
DA:31,2
DA:35,8
DA:36,0
DA:37,0
DA:41,0
DA:42,0
DA:43,0
DA:44,0
LF:27
LH:21
BRDA:21,0,0,2
BRDA:21,0,1,2
BRDA:70,1,0,4
BRDA:79,2,0,4
BRDA:81,3,0,0
BRDA:81,3,1,0
BRF:6
BRH:4
end_of_record
TN:
SF:frontend\src\components\Pagination.tsx
FN:9,buildPageUrl
FN:15,Pagination
FN:33,(anonymous_3)
FN:33,(anonymous_4)
FNF:4
FNH:4
FNDA:30,buildPageUrl
FNDA:8,Pagination
FNDA:18,(anonymous_3)
FNDA:18,(anonymous_4)
DA:10,30
DA:11,30
DA:12,30
DA:15,8
DA:16,8
DA:18,8
DA:33,18
DA:34,18
LF:8
LH:8
BRDA:15,0,0,0
BRDA:18,1,0,2
BRDA:18,1,1,6
BRDA:23,2,0,2
BRDA:23,2,1,4
BRDA:34,3,0,6
BRDA:34,3,1,12
BRDA:41,4,0,1
BRDA:41,4,1,5
BRF:9
BRH:8
end_of_record
TN:
SF:frontend\src\components\ProfileEditForm.tsx
FN:12,ProfileEditForm
FN:21,handleAvatarChange
FN:29,handleSubmit
FN:71,(anonymous_5)
FN:95,(anonymous_6)
FNF:5
FNH:3
FNDA:13,ProfileEditForm
FNDA:0,handleAvatarChange
FNDA:1,handleSubmit
FNDA:0,(anonymous_5)
FNDA:10,(anonymous_6)
DA:3,1
DA:4,1
DA:6,1
DA:12,1
DA:13,13
DA:14,13
DA:15,13
DA:16,13
DA:17,13
DA:18,13
DA:19,13
DA:22,0
DA:23,0
DA:24,0
DA:25,0
DA:30,1
DA:31,1
DA:32,1
DA:33,1
DA:34,1
DA:35,1
DA:36,1
DA:37,1
DA:39,0
DA:41,1
DA:71,0
DA:95,10
LF:27
LH:21
BRDA:13,0,0,13
BRDA:13,0,1,0
BRDA:22,1,0,0
BRDA:22,1,1,0
BRDA:24,2,0,0
BRDA:24,2,1,0
BRDA:50,3,0,0
BRDA:101,4,0,13
BRDA:102,5,0,13
BRDA:105,6,0,1
BRDA:105,6,1,12
BRF:11
BRH:5
end_of_record
TN:
SF:frontend\src\components\SearchBar.tsx
FN:9,SearchBar
FN:16,(anonymous_2)
FN:21,(anonymous_3)
FN:27,(anonymous_4)
FNF:4
FNH:4
FNDA:10,SearchBar
FNDA:2,(anonymous_2)
FNDA:6,(anonymous_3)
FNDA:2,(anonymous_4)
DA:2,1
DA:3,1
DA:9,2
DA:10,10
DA:11,10
DA:12,10
DA:13,10
DA:14,10
DA:16,10
DA:17,2
DA:20,10
DA:22,6
DA:23,6
DA:25,6
DA:27,6
DA:28,2
DA:29,2
DA:30,1
DA:32,1
DA:34,2
DA:35,2
LF:21
LH:21
BRDA:9,0,0,7
BRDA:17,1,0,2
BRDA:17,1,1,1
BRDA:25,2,0,4
BRDA:25,2,1,2
BRDA:29,3,0,1
BRDA:29,3,1,1
BRF:7
BRH:7
end_of_record
TN:
SF:frontend\src\components\VoteButtons.tsx
FN:13,VoteButtons
FN:18,handleVote
FN:25,(anonymous_3)
FN:45,(anonymous_4)
FN:54,(anonymous_5)
FNF:5
FNH:5
FNDA:13,VoteButtons
FNDA:5,handleVote
FNDA:4,(anonymous_3)
FNDA:4,(anonymous_4)
FNDA:1,(anonymous_5)
DA:3,1
DA:4,1
DA:5,1
DA:6,1
DA:13,5
DA:14,13
DA:15,13
DA:16,13
DA:19,5
DA:20,1
DA:21,1
DA:24,4
DA:25,4
DA:26,4
DA:28,4
DA:29,4
DA:30,3
DA:32,1
DA:33,0
DA:35,1
DA:37,4
DA:45,4
DA:54,1
LF:23
LH:22
BRDA:19,0,0,1
BRDA:19,0,1,4
BRDA:32,1,0,0
BRDA:32,1,1,1
BRDA:32,2,0,1
BRDA:32,2,1,0
BRF:6
BRH:4
end_of_record
